<?xml version="1.0" encoding="UTF-8"?>
<!-- Generated by org.testng.reporters.JUnitXMLReporter -->
<testsuite ignored="0" hostname="MacBook-Pro-Eugene.local" failures="0" tests="3" name="AlertsTests" time="18.427" errors="0" timestamp="2021-08-03T19:31:32 EEST">
  <testcase classname="com.herokuapp.theinternet.jsalertstests.JSAlertsTest" name="jsAcceptTest" time="2.326"/>
  <testcase classname="com.herokuapp.theinternet.jsalertstests.JSAlertsTest" name="jsDismissTest" time="2.452"/>
  <testcase classname="com.herokuapp.theinternet.jsalertstests.JSAlertsTest" name="jsPromptTest" time="3.84"/>
</testsuite> <!-- AlertsTests -->
