<?xml version="1.0" encoding="UTF-8"?>
<!-- Generated by org.testng.reporters.JUnitXMLReporter -->
<testsuite ignored="0" hostname="MacBook-Pro-Eugene.local" failures="0" tests="3" name="UploadTests" time="25.152" errors="0" timestamp="2021-08-03T19:31:57 EEST">
  <testcase classname="com.herokuapp.theinternet.fileuploadertests.FileUploaderTest" name="fileUploadTest" time="4.68"/>
  <testcase classname="com.herokuapp.theinternet.fileuploadertests.FileUploaderTest" name="fileUploadTest" time="5.47"/>
  <testcase classname="com.herokuapp.theinternet.fileuploadertests.FileUploaderTest" name="fileUploadTest" time="5.157"/>
</testsuite> <!-- UploadTests -->
