<?xml version="1.0" encoding="UTF-8"?>
<testng-results ignored="0" total="1" passed="1" failed="0" skipped="0">
  <reporter-output>
  </reporter-output>
  <suite started-at="2021-08-05T12:24:01 EEST" name="CheckboxesTestSuite" finished-at="2021-08-05T12:24:12 EEST" duration-ms="10217">
    <groups>
    </groups>
    <test started-at="2021-08-05T12:24:01 EEST" name="SelectAllCheckboxesTest-CH" finished-at="2021-08-05T12:24:12 EEST" duration-ms="10217">
      <class name="com.herokuapp.theinternet.checkboxespagetest.CheckboxesTest">
        <test-method is-config="true" signature="setUp(java.lang.reflect.Method,java.lang.String,java.lang.String,java.lang.String,org.testng.ITestContext)[pri:0, instance:com.herokuapp.theinternet.checkboxespagetest.CheckboxesTest@70be0a2b]" started-at="2021-08-05T12:24:01 EEST" name="setUp" finished-at="2021-08-05T12:24:04 EEST" duration-ms="3065" status="PASS">
          <params>
            <param index="0">
              <value>
                <![CDATA[public void com.herokuapp.theinternet.checkboxespagetest.CheckboxesTest.selectTwoCheckboxesTest()]]>
              </value>
            </param>
            <param index="1">
              <value>
                <![CDATA[chrome]]>
              </value>
            </param>
            <param index="2">
              <value is-null="true"/>
            </param>
            <param index="3">
              <value is-null="true"/>
            </param>
            <param index="4">
              <value>
                <![CDATA[org.testng.TestRunner@57bd802b]]>
              </value>
            </param>
          </params>
          <reporter-output>
          </reporter-output>
        </test-method> <!-- setUp -->
        <test-method signature="selectTwoCheckboxesTest()[pri:0, instance:com.herokuapp.theinternet.checkboxespagetest.CheckboxesTest@70be0a2b]" started-at="2021-08-05T12:24:04 EEST" name="selectTwoCheckboxesTest" finished-at="2021-08-05T12:24:11 EEST" duration-ms="6019" status="PASS">
          <reporter-output>
          </reporter-output>
        </test-method> <!-- selectTwoCheckboxesTest -->
        <test-method is-config="true" signature="tearDown()[pri:0, instance:com.herokuapp.theinternet.checkboxespagetest.CheckboxesTest@70be0a2b]" started-at="2021-08-05T12:24:11 EEST" name="tearDown" finished-at="2021-08-05T12:24:12 EEST" duration-ms="1093" status="PASS">
          <reporter-output>
          </reporter-output>
        </test-method> <!-- tearDown -->
      </class> <!-- com.herokuapp.theinternet.checkboxespagetest.CheckboxesTest -->
    </test> <!-- SelectAllCheckboxesTest-CH -->
  </suite> <!-- CheckboxesTestSuite -->
</testng-results>
