<?xml version="1.0" encoding="UTF-8"?>
<!-- Generated by org.testng.reporters.JUnitXMLReporter -->
<testsuite ignored="0" hostname="MacBook-Pro-Eugene.local" failures="0" tests="5" name="NegativeUsernameTest-CH" time="35.881" errors="0" timestamp="2021-07-30T17:50:46 EEST">
  <testcase classname="com.herokuapp.theinternet.loginpagetests.NegativeLoginTests" name="negativeLogInTest" time="3.504"/>
  <testcase classname="com.herokuapp.theinternet.loginpagetests.NegativeLoginTests" name="negativeLogInTest" time="3.223"/>
  <testcase classname="com.herokuapp.theinternet.loginpagetests.NegativeLoginTests" name="negativeLogInTest" time="4.938"/>
  <testcase classname="com.herokuapp.theinternet.loginpagetests.NegativeLoginTests" name="negativeLogInTest" time="3.353"/>
  <testcase classname="com.herokuapp.theinternet.loginpagetests.NegativeLoginTests" name="negativeLogInTest" time="3.004"/>
</testsuite> <!-- NegativeUsernameTest-CH -->
